<?xml version="1.0" encoding="UTF-8"?>
<!-- Generated by org.testng.reporters.JUnitReportReporter -->
<testsuite hostname="TMZ-DPC-2175" failures="0" tests="1" name="runner.TestRegisterRunner" time="15.913" errors="0" timestamp="2023-11-20T15:16:28 IST" skipped="0">
  <testcase classname="runner.TestRegisterRunner" name="runScenario" time="15.913"/>
</testsuite> <!-- runner.TestRegisterRunner -->
