<?xml version="1.0" encoding="UTF-8"?>
<!-- Generated by org.testng.reporters.JUnitReportReporter -->
<testsuite hostname="TMZ-DPC-2175" failures="0" tests="1" name="runner.subscribeRunner" time="12.374" errors="0" timestamp="2023-11-20T15:13:33 IST" skipped="0">
  <testcase classname="runner.subscribeRunner" name="runScenario" time="12.374"/>
</testsuite> <!-- runner.subscribeRunner -->
