<?xml version="1.0" encoding="UTF-8"?>
<!-- Generated by org.testng.reporters.JUnitReportReporter -->
<testsuite hostname="TMZ-DPC-2175" failures="0" tests="1" name="runner.MyAccountRunner" time="21.837" errors="0" timestamp="2023-11-20T15:07:37 IST" skipped="0">
  <testcase classname="runner.MyAccountRunner" name="runScenario" time="21.837"/>
</testsuite> <!-- runner.MyAccountRunner -->
