<?xml version="1.0" encoding="UTF-8"?>
<!-- Generated by org.testng.reporters.JUnitReportReporter -->
<testsuite hostname="TMZ-DPC-2175" failures="0" tests="1" name="runner.TeamSportRunner" time="10.929" errors="0" timestamp="2023-11-20T15:40:04 IST" skipped="0">
  <testcase classname="runner.TeamSportRunner" name="runScenario" time="10.929"/>
</testsuite> <!-- runner.TeamSportRunner -->
