<?xml version="1.0" encoding="UTF-8"?>
<!-- Generated by org.testng.reporters.JUnitReportReporter -->
<testsuite hostname="TMZ-DPC-2175" failures="0" tests="1" name="runner.LoginRunner" time="14.299" errors="0" timestamp="2023-11-20T15:30:21 IST" skipped="0">
  <testcase classname="runner.LoginRunner" name="runScenario" time="14.299"/>
</testsuite> <!-- runner.LoginRunner -->
