<?xml version="1.0" encoding="UTF-8"?>
<!-- Generated by org.testng.reporters.JUnitReportReporter -->
<testsuite hostname="TMZ-DPC-2175" failures="0" tests="1" name="runner.SportsShoesRunner" time="11.199" errors="0" timestamp="2023-11-20T15:11:56 IST" skipped="0">
  <testcase classname="runner.SportsShoesRunner" name="runScenario" time="11.199"/>
</testsuite> <!-- runner.SportsShoesRunner -->
