<?xml version="1.0" encoding="UTF-8"?>
<!-- Generated by org.testng.reporters.JUnitReportReporter -->
<testsuite hostname="TMZ-DPC-2175" failures="0" tests="1" name="runner.TestCustomerRunner" time="17.658" errors="0" timestamp="2023-11-20T15:14:51 IST" skipped="0">
  <testcase classname="runner.TestCustomerRunner" name="runScenario" time="17.658"/>
</testsuite> <!-- runner.TestCustomerRunner -->
