<?xml version="1.0" encoding="UTF-8"?>
<!-- Generated by org.testng.reporters.JUnitReportReporter -->
<testsuite hostname="TMZ-DPC-2175" failures="0" tests="1" name="runner.RegisterRunner" time="15.696" errors="0" timestamp="2023-11-20T15:32:19 IST" skipped="0">
  <testcase classname="runner.RegisterRunner" name="runScenario" time="15.696"/>
</testsuite> <!-- runner.RegisterRunner -->
