<?xml version="1.0" encoding="UTF-8"?>
<!-- Generated by org.testng.reporters.JUnitReportReporter -->
<testsuite hostname="TMZ-DPC-2175" failures="0" tests="1" name="runner.AddToCartRunner" time="23.162" errors="0" timestamp="2023-11-20T15:28:08 IST" skipped="0">
  <testcase classname="runner.AddToCartRunner" name="runScenario" time="23.162"/>
</testsuite> <!-- runner.AddToCartRunner -->
