<?xml version="1.0" encoding="UTF-8"?>
<!-- Generated by org.testng.reporters.JUnitReportReporter -->
<testsuite hostname="TMZ-DPC-2175" failures="0" tests="1" name="runner.WishlistRunner" time="22.150" errors="0" timestamp="2023-11-20T15:21:28 IST" skipped="0">
  <testcase classname="runner.WishlistRunner" name="runScenario" time="22.150"/>
</testsuite> <!-- runner.WishlistRunner -->
